Analysis & Synthesis report for LogicalStep_Lab3_top
Thu Mar 06 17:41:56 2025
Quartus Prime Version 18.1.0 Build 625 09/12/2018 SJ Standard Edition


---------------------
; Table of Contents ;
---------------------
  1. Legal Notice
  2. Analysis & Synthesis Summary
  3. Analysis & Synthesis Settings
  4. Parallel Compilation
  5. Analysis & Synthesis Source Files Read
  6. Analysis & Synthesis Resource Usage Summary
  7. Analysis & Synthesis Resource Utilization by Entity
  8. Registers Removed During Synthesis
  9. General Register Statistics
 10. Inverted Register Statistics
 11. Port Connectivity Checks: "HVAC:inst7"
 12. Port Connectivity Checks: "Compx4:inst4|Compx1:INST4"
 13. Port Connectivity Checks: "Compx4:inst4|Compx1:INST3"
 14. Port Connectivity Checks: "Compx4:inst4|Compx1:INST2"
 15. Port Connectivity Checks: "Compx4:inst4|Compx1:INST1"
 16. Post-Synthesis Netlist Statistics for Top Partition
 17. Elapsed Time Per Partition
 18. Analysis & Synthesis Messages



----------------
; Legal Notice ;
----------------
Copyright (C) 2018  Intel Corporation. All rights reserved.
Your use of Intel Corporation's design tools, logic functions 
and other software and tools, and its AMPP partner logic 
functions, and any output files from any of the foregoing 
(including device programming or simulation files), and any 
associated documentation or information are expressly subject 
to the terms and conditions of the Intel Program License 
Subscription Agreement, the Intel Quartus Prime License Agreement,
the Intel FPGA IP License Agreement, or other applicable license
agreement, including, without limitation, that your use is for
the sole purpose of programming logic devices manufactured by
Intel and sold by Intel or its authorized distributors.  Please
refer to the applicable agreement for further details.



+--------------------------------------------------------------------------------------+
; Analysis & Synthesis Summary                                                         ;
+------------------------------------+-------------------------------------------------+
; Analysis & Synthesis Status        ; Successful - Thu Mar 06 17:41:56 2025           ;
; Quartus Prime Version              ; 18.1.0 Build 625 09/12/2018 SJ Standard Edition ;
; Revision Name                      ; LogicalStep_Lab3_top                            ;
; Top-level Entity Name              ; LogicalStep_Lab3_top                            ;
; Family                             ; MAX 10                                          ;
; Total logic elements               ; 80                                              ;
;     Total combinational functions  ; 80                                              ;
;     Dedicated logic registers      ; 28                                              ;
; Total registers                    ; 28                                              ;
; Total pins                         ; 30                                              ;
; Total virtual pins                 ; 0                                               ;
; Total memory bits                  ; 0                                               ;
; Embedded Multiplier 9-bit elements ; 0                                               ;
; Total PLLs                         ; 0                                               ;
; UFM blocks                         ; 0                                               ;
; ADC blocks                         ; 0                                               ;
+------------------------------------+-------------------------------------------------+


+----------------------------------------------------------------------------------------------------------------+
; Analysis & Synthesis Settings                                                                                  ;
+------------------------------------------------------------------+----------------------+----------------------+
; Option                                                           ; Setting              ; Default Value        ;
+------------------------------------------------------------------+----------------------+----------------------+
; Device                                                           ; 10M08SAE144C8G       ;                      ;
; Top-level entity name                                            ; LogicalStep_Lab3_top ; LogicalStep_Lab3_top ;
; Family name                                                      ; MAX 10               ; Cyclone V            ;
; Use smart compilation                                            ; Off                  ; Off                  ;
; Enable parallel Assembler and Timing Analyzer during compilation ; On                   ; On                   ;
; Enable compact report table                                      ; Off                  ; Off                  ;
; Restructure Multiplexers                                         ; Auto                 ; Auto                 ;
; Create Debugging Nodes for IP Cores                              ; Off                  ; Off                  ;
; Preserve fewer node names                                        ; On                   ; On                   ;
; Intel FPGA IP Evaluation Mode                                    ; Enable               ; Enable               ;
; Verilog Version                                                  ; Verilog_2001         ; Verilog_2001         ;
; VHDL Version                                                     ; VHDL_1993            ; VHDL_1993            ;
; State Machine Processing                                         ; Auto                 ; Auto                 ;
; Safe State Machine                                               ; Off                  ; Off                  ;
; Extract Verilog State Machines                                   ; On                   ; On                   ;
; Extract VHDL State Machines                                      ; On                   ; On                   ;
; Ignore Verilog initial constructs                                ; Off                  ; Off                  ;
; Iteration limit for constant Verilog loops                       ; 5000                 ; 5000                 ;
; Iteration limit for non-constant Verilog loops                   ; 250                  ; 250                  ;
; Add Pass-Through Logic to Inferred RAMs                          ; On                   ; On                   ;
; Infer RAMs from Raw Logic                                        ; On                   ; On                   ;
; Parallel Synthesis                                               ; On                   ; On                   ;
; DSP Block Balancing                                              ; Auto                 ; Auto                 ;
; NOT Gate Push-Back                                               ; On                   ; On                   ;
; Power-Up Don't Care                                              ; On                   ; On                   ;
; Remove Redundant Logic Cells                                     ; Off                  ; Off                  ;
; Remove Duplicate Registers                                       ; On                   ; On                   ;
; Ignore CARRY Buffers                                             ; Off                  ; Off                  ;
; Ignore CASCADE Buffers                                           ; Off                  ; Off                  ;
; Ignore GLOBAL Buffers                                            ; Off                  ; Off                  ;
; Ignore ROW GLOBAL Buffers                                        ; Off                  ; Off                  ;
; Ignore LCELL Buffers                                             ; Off                  ; Off                  ;
; Ignore SOFT Buffers                                              ; On                   ; On                   ;
; Limit AHDL Integers to 32 Bits                                   ; Off                  ; Off                  ;
; Optimization Technique                                           ; Balanced             ; Balanced             ;
; Carry Chain Length                                               ; 70                   ; 70                   ;
; Auto Carry Chains                                                ; On                   ; On                   ;
; Auto Open-Drain Pins                                             ; On                   ; On                   ;
; Perform WYSIWYG Primitive Resynthesis                            ; Off                  ; Off                  ;
; Auto ROM Replacement                                             ; On                   ; On                   ;
; Auto RAM Replacement                                             ; On                   ; On                   ;
; Auto DSP Block Replacement                                       ; On                   ; On                   ;
; Auto Shift Register Replacement                                  ; Auto                 ; Auto                 ;
; Allow Shift Register Merging across Hierarchies                  ; Auto                 ; Auto                 ;
; Auto Clock Enable Replacement                                    ; On                   ; On                   ;
; Strict RAM Replacement                                           ; Off                  ; Off                  ;
; Allow Synchronous Control Signals                                ; On                   ; On                   ;
; Force Use of Synchronous Clear Signals                           ; Off                  ; Off                  ;
; Auto RAM Block Balancing                                         ; On                   ; On                   ;
; Auto RAM to Logic Cell Conversion                                ; Off                  ; Off                  ;
; Auto Resource Sharing                                            ; Off                  ; Off                  ;
; Allow Any RAM Size For Recognition                               ; Off                  ; Off                  ;
; Allow Any ROM Size For Recognition                               ; Off                  ; Off                  ;
; Allow Any Shift Register Size For Recognition                    ; Off                  ; Off                  ;
; Use LogicLock Constraints during Resource Balancing              ; On                   ; On                   ;
; Ignore translate_off and synthesis_off directives                ; Off                  ; Off                  ;
; Timing-Driven Synthesis                                          ; On                   ; On                   ;
; Report Parameter Settings                                        ; On                   ; On                   ;
; Report Source Assignments                                        ; On                   ; On                   ;
; Report Connectivity Checks                                       ; On                   ; On                   ;
; Ignore Maximum Fan-Out Assignments                               ; Off                  ; Off                  ;
; Synchronization Register Chain Length                            ; 2                    ; 2                    ;
; Power Optimization During Synthesis                              ; Normal compilation   ; Normal compilation   ;
; HDL message level                                                ; Level2               ; Level2               ;
; Suppress Register Optimization Related Messages                  ; Off                  ; Off                  ;
; Number of Removed Registers Reported in Synthesis Report         ; 5000                 ; 5000                 ;
; Number of Swept Nodes Reported in Synthesis Report               ; 5000                 ; 5000                 ;
; Number of Inverted Registers Reported in Synthesis Report        ; 100                  ; 100                  ;
; Clock MUX Protection                                             ; On                   ; On                   ;
; Auto Gated Clock Conversion                                      ; Off                  ; Off                  ;
; Block Design Naming                                              ; Auto                 ; Auto                 ;
; SDC constraint protection                                        ; Off                  ; Off                  ;
; Synthesis Effort                                                 ; Auto                 ; Auto                 ;
; Shift Register Replacement - Allow Asynchronous Clear Signal     ; On                   ; On                   ;
; Pre-Mapping Resynthesis Optimization                             ; Off                  ; Off                  ;
; Analysis & Synthesis Message Level                               ; Medium               ; Medium               ;
; Disable Register Merging Across Hierarchies                      ; Auto                 ; Auto                 ;
; Resource Aware Inference For Block RAM                           ; On                   ; On                   ;
+------------------------------------------------------------------+----------------------+----------------------+


+------------------------------------------+
; Parallel Compilation                     ;
+----------------------------+-------------+
; Processors                 ; Number      ;
+----------------------------+-------------+
; Number detected on machine ; 16          ;
; Maximum allowed            ; 12          ;
;                            ;             ;
; Average used               ; 1.00        ;
; Maximum used               ; 12          ;
;                            ;             ;
; Usage by Processor         ; % Time Used ;
;     Processor 1            ; 100.0%      ;
;     Processors 2-12        ;   0.0%      ;
+----------------------------+-------------+


+---------------------------------------------------------------------------------------------------------------------------------------+
; Analysis & Synthesis Source Files Read                                                                                                ;
+----------------------------------+-----------------+-----------------+------------------------------------------------------+---------+
; File Name with User-Entered Path ; Used in Netlist ; File Type       ; File Name with Absolute Path                         ; Library ;
+----------------------------------+-----------------+-----------------+------------------------------------------------------+---------+
; Tester.vhd                       ; yes             ; User VHDL File  ; N:/ECE124/Lab3 New/Lab3 New/Tester.vhd               ;         ;
; SevenSegment.vhd                 ; yes             ; User VHDL File  ; N:/ECE124/Lab3 New/Lab3 New/SevenSegment.vhd         ;         ;
; segment7_mux.vhd                 ; yes             ; User VHDL File  ; N:/ECE124/Lab3 New/Lab3 New/segment7_mux.vhd         ;         ;
; LogicalStep_Lab3_top.vhd         ; yes             ; User VHDL File  ; N:/ECE124/Lab3 New/Lab3 New/LogicalStep_Lab3_top.vhd ;         ;
; HVAC.vhd                         ; yes             ; User VHDL File  ; N:/ECE124/Lab3 New/Lab3 New/HVAC.vhd                 ;         ;
; Compx1.vhd                       ; yes             ; User VHDL File  ; N:/ECE124/Lab3 New/Lab3 New/Compx1.vhd               ;         ;
; Compx4.vhd                       ; yes             ; User VHDL File  ; N:/ECE124/Lab3 New/Lab3 New/Compx4.vhd               ;         ;
; PB_Inverters.vhd                 ; yes             ; User VHDL File  ; N:/ECE124/Lab3 New/Lab3 New/PB_Inverters.vhd         ;         ;
; Energy_Monitor.vhd               ; yes             ; User VHDL File  ; N:/ECE124/Lab3 New/Lab3 New/Energy_Monitor.vhd       ;         ;
; MODE_SELECT.vhd                  ; yes             ; User VHDL File  ; N:/ECE124/Lab3 New/Lab3 New/MODE_SELECT.vhd          ;         ;
+----------------------------------+-----------------+-----------------+------------------------------------------------------+---------+


+--------------------------------------------------------------+
; Analysis & Synthesis Resource Usage Summary                  ;
+---------------------------------------------+----------------+
; Resource                                    ; Usage          ;
+---------------------------------------------+----------------+
; Estimated Total logic elements              ; 80             ;
;                                             ;                ;
; Total combinational functions               ; 80             ;
; Logic element usage by number of LUT inputs ;                ;
;     -- 4 input functions                    ; 32             ;
;     -- 3 input functions                    ; 19             ;
;     -- <=2 input functions                  ; 29             ;
;                                             ;                ;
; Logic elements by mode                      ;                ;
;     -- normal mode                          ; 55             ;
;     -- arithmetic mode                      ; 25             ;
;                                             ;                ;
; Total registers                             ; 28             ;
;     -- Dedicated logic registers            ; 28             ;
;     -- I/O registers                        ; 0              ;
;                                             ;                ;
; I/O pins                                    ; 30             ;
;                                             ;                ;
; Embedded Multiplier 9-bit elements          ; 0              ;
;                                             ;                ;
; Maximum fan-out node                        ; clkin_50~input ;
; Maximum fan-out                             ; 24             ;
; Total fan-out                               ; 345            ;
; Average fan-out                             ; 2.05           ;
+---------------------------------------------+----------------+


+--------------------------------------------------------------------------------------------------------------------------------------------------------------------------------------------------------------------------------------------------------------------+
; Analysis & Synthesis Resource Utilization by Entity                                                                                                                                                                                                                ;
+----------------------------+---------------------+---------------------------+-------------+------------+--------------+---------+-----------+------+--------------+------------+--------------------------------------------+----------------------+--------------+
; Compilation Hierarchy Node ; Combinational ALUTs ; Dedicated Logic Registers ; Memory Bits ; UFM Blocks ; DSP Elements ; DSP 9x9 ; DSP 18x18 ; Pins ; Virtual Pins ; ADC blocks ; Full Hierarchy Name                        ; Entity Name          ; Library Name ;
+----------------------------+---------------------+---------------------------+-------------+------------+--------------+---------+-----------+------+--------------+------------+--------------------------------------------+----------------------+--------------+
; |LogicalStep_Lab3_top      ; 80 (0)              ; 28 (0)                    ; 0           ; 0          ; 0            ; 0       ; 0         ; 30   ; 0            ; 0          ; |LogicalStep_Lab3_top                      ; LogicalStep_Lab3_top ; work         ;
;    |Compx4:inst4|          ; 7 (7)               ; 0 (0)                     ; 0           ; 0          ; 0            ; 0       ; 0         ; 0    ; 0            ; 0          ; |LogicalStep_Lab3_top|Compx4:inst4         ; Compx4               ; work         ;
;    |Energy_Monitor:inst8|  ; 1 (1)               ; 0 (0)                     ; 0           ; 0          ; 0            ; 0       ; 0         ; 0    ; 0            ; 0          ; |LogicalStep_Lab3_top|Energy_Monitor:inst8 ; Energy_Monitor       ; work         ;
;    |HVAC:inst7|            ; 37 (37)             ; 28 (28)                   ; 0           ; 0          ; 0            ; 0       ; 0         ; 0    ; 0            ; 0          ; |LogicalStep_Lab3_top|HVAC:inst7           ; HVAC                 ; work         ;
;    |MODE_SELECT:inst5|     ; 4 (4)               ; 0 (0)                     ; 0           ; 0          ; 0            ; 0       ; 0         ; 0    ; 0            ; 0          ; |LogicalStep_Lab3_top|MODE_SELECT:inst5    ; MODE_SELECT          ; work         ;
;    |SevenSegment:inst1|    ; 7 (7)               ; 0 (0)                     ; 0           ; 0          ; 0            ; 0       ; 0         ; 0    ; 0            ; 0          ; |LogicalStep_Lab3_top|SevenSegment:inst1   ; SevenSegment         ; work         ;
;    |SevenSegment:inst2|    ; 7 (7)               ; 0 (0)                     ; 0           ; 0          ; 0            ; 0       ; 0         ; 0    ; 0            ; 0          ; |LogicalStep_Lab3_top|SevenSegment:inst2   ; SevenSegment         ; work         ;
;    |Tester:INST6|          ; 10 (10)             ; 0 (0)                     ; 0           ; 0          ; 0            ; 0       ; 0         ; 0    ; 0            ; 0          ; |LogicalStep_Lab3_top|Tester:INST6         ; Tester               ; work         ;
;    |segment7_mux:inst3|    ; 7 (7)               ; 0 (0)                     ; 0           ; 0          ; 0            ; 0       ; 0         ; 0    ; 0            ; 0          ; |LogicalStep_Lab3_top|segment7_mux:inst3   ; segment7_mux         ; work         ;
+----------------------------+---------------------+---------------------------+-------------+------------+--------------+---------+-----------+------+--------------+------------+--------------------------------------------+----------------------+--------------+
Note: For table entries with two numbers listed, the numbers in parentheses indicate the number of resources of the given type used by the specific entity alone. The numbers listed outside of parentheses indicate the total resources of the given type used by the specific entity and all of its sub-entities in the hierarchy.


+------------------------------------------------------------------------------------------+
; Registers Removed During Synthesis                                                       ;
+----------------------------------------+-------------------------------------------------+
; Register name                          ; Reason for Removal                              ;
+----------------------------------------+-------------------------------------------------+
; segment7_mux:inst3|\clk_proc:COUNT[0]  ; Merged with HVAC:inst7|\clk_divider:counter[0]  ;
; segment7_mux:inst3|\clk_proc:COUNT[1]  ; Merged with HVAC:inst7|\clk_divider:counter[1]  ;
; segment7_mux:inst3|\clk_proc:COUNT[2]  ; Merged with HVAC:inst7|\clk_divider:counter[2]  ;
; segment7_mux:inst3|\clk_proc:COUNT[3]  ; Merged with HVAC:inst7|\clk_divider:counter[3]  ;
; segment7_mux:inst3|\clk_proc:COUNT[4]  ; Merged with HVAC:inst7|\clk_divider:counter[4]  ;
; segment7_mux:inst3|\clk_proc:COUNT[5]  ; Merged with HVAC:inst7|\clk_divider:counter[5]  ;
; segment7_mux:inst3|\clk_proc:COUNT[6]  ; Merged with HVAC:inst7|\clk_divider:counter[6]  ;
; segment7_mux:inst3|\clk_proc:COUNT[7]  ; Merged with HVAC:inst7|\clk_divider:counter[7]  ;
; segment7_mux:inst3|\clk_proc:COUNT[8]  ; Merged with HVAC:inst7|\clk_divider:counter[8]  ;
; segment7_mux:inst3|\clk_proc:COUNT[9]  ; Merged with HVAC:inst7|\clk_divider:counter[9]  ;
; segment7_mux:inst3|\clk_proc:COUNT[10] ; Merged with HVAC:inst7|\clk_divider:counter[10] ;
; Total Number of Removed Registers = 11 ;                                                 ;
+----------------------------------------+-------------------------------------------------+


+------------------------------------------------------+
; General Register Statistics                          ;
+----------------------------------------------+-------+
; Statistic                                    ; Value ;
+----------------------------------------------+-------+
; Total registers                              ; 28    ;
; Number of registers using Synchronous Clear  ; 0     ;
; Number of registers using Synchronous Load   ; 0     ;
; Number of registers using Asynchronous Clear ; 0     ;
; Number of registers using Asynchronous Load  ; 0     ;
; Number of registers using Clock Enable       ; 3     ;
; Number of registers using Preset             ; 0     ;
+----------------------------------------------+-------+


+--------------------------------------------------+
; Inverted Register Statistics                     ;
+----------------------------------------+---------+
; Inverted Register                      ; Fan out ;
+----------------------------------------+---------+
; HVAC:inst7|\counter:cnt[1]             ; 15      ;
; HVAC:inst7|\counter:cnt[0]             ; 16      ;
; HVAC:inst7|\counter:cnt[2]             ; 15      ;
; Total number of inverted registers = 3 ;         ;
+----------------------------------------+---------+


+--------------------------------------------+
; Port Connectivity Checks: "HVAC:inst7"     ;
+----------+-------+----------+--------------+
; Port     ; Type  ; Severity ; Details      ;
+----------+-------+----------+--------------+
; hvac_sim ; Input ; Info     ; Stuck at GND ;
+----------+-------+----------+--------------+


+----------------------------------------------------------------------------------------------------------------+
; Port Connectivity Checks: "Compx4:inst4|Compx1:INST4"                                                          ;
+------+--------+----------+-------------------------------------------------------------------------------------+
; Port ; Type   ; Severity ; Details                                                                             ;
+------+--------+----------+-------------------------------------------------------------------------------------+
; altb ; Output ; Info     ; Connected to dangling logic. Logic that only feeds a dangling port will be removed. ;
+------+--------+----------+-------------------------------------------------------------------------------------+


+----------------------------------------------------------------------------------------------------------------+
; Port Connectivity Checks: "Compx4:inst4|Compx1:INST3"                                                          ;
+------+--------+----------+-------------------------------------------------------------------------------------+
; Port ; Type   ; Severity ; Details                                                                             ;
+------+--------+----------+-------------------------------------------------------------------------------------+
; altb ; Output ; Info     ; Connected to dangling logic. Logic that only feeds a dangling port will be removed. ;
+------+--------+----------+-------------------------------------------------------------------------------------+


+----------------------------------------------------------------------------------------------------------------+
; Port Connectivity Checks: "Compx4:inst4|Compx1:INST2"                                                          ;
+------+--------+----------+-------------------------------------------------------------------------------------+
; Port ; Type   ; Severity ; Details                                                                             ;
+------+--------+----------+-------------------------------------------------------------------------------------+
; altb ; Output ; Info     ; Connected to dangling logic. Logic that only feeds a dangling port will be removed. ;
+------+--------+----------+-------------------------------------------------------------------------------------+


+----------------------------------------------------------------------------------------------------------------+
; Port Connectivity Checks: "Compx4:inst4|Compx1:INST1"                                                          ;
+------+--------+----------+-------------------------------------------------------------------------------------+
; Port ; Type   ; Severity ; Details                                                                             ;
+------+--------+----------+-------------------------------------------------------------------------------------+
; altb ; Output ; Info     ; Connected to dangling logic. Logic that only feeds a dangling port will be removed. ;
+------+--------+----------+-------------------------------------------------------------------------------------+


+-----------------------------------------------------+
; Post-Synthesis Netlist Statistics for Top Partition ;
+-----------------------+-----------------------------+
; Type                  ; Count                       ;
+-----------------------+-----------------------------+
; boundary_port         ; 30                          ;
; cycloneiii_ff         ; 28                          ;
;     ENA               ; 3                           ;
;     plain             ; 25                          ;
; cycloneiii_io_obuf    ; 3                           ;
; cycloneiii_lcell_comb ; 89                          ;
;     arith             ; 25                          ;
;         2 data inputs ; 22                          ;
;         3 data inputs ; 3                           ;
;     normal            ; 64                          ;
;         1 data inputs ; 13                          ;
;         2 data inputs ; 3                           ;
;         3 data inputs ; 16                          ;
;         4 data inputs ; 32                          ;
;                       ;                             ;
; Max LUT depth         ; 6.10                        ;
; Average LUT depth     ; 3.39                        ;
+-----------------------+-----------------------------+


+-------------------------------+
; Elapsed Time Per Partition    ;
+----------------+--------------+
; Partition Name ; Elapsed Time ;
+----------------+--------------+
; Top            ; 00:00:00     ;
+----------------+--------------+


+-------------------------------+
; Analysis & Synthesis Messages ;
+-------------------------------+
Info: *******************************************************************
Info: Running Quartus Prime Analysis & Synthesis
    Info: Version 18.1.0 Build 625 09/12/2018 SJ Standard Edition
    Info: Processing started: Thu Mar 06 17:41:48 2025
Info: Command: quartus_map --read_settings_files=on --write_settings_files=off LogicalStep_Lab3 -c LogicalStep_Lab3_top
Warning (18236): Number of processors has not been specified which may cause overloading on shared machines.  Set the global assignment NUM_PARALLEL_PROCESSORS in your QSF to an appropriate value for best performance.
Info (20030): Parallel compilation is enabled and will use 12 of the 12 processors detected
Info (12021): Found 2 design units, including 1 entities, in source file tester.vhd
    Info (12022): Found design unit 1: Tester-Test_ckt File: N:/ECE124/Lab3 New/Lab3 New/Tester.vhd Line: 14
    Info (12023): Found entity 1: Tester File: N:/ECE124/Lab3 New/Lab3 New/Tester.vhd Line: 5
Info (12021): Found 2 design units, including 1 entities, in source file sevensegment.vhd
    Info (12022): Found design unit 1: SevenSegment-Behavioral File: N:/ECE124/Lab3 New/Lab3 New/SevenSegment.vhd Line: 18
    Info (12023): Found entity 1: SevenSegment File: N:/ECE124/Lab3 New/Lab3 New/SevenSegment.vhd Line: 10
Info (12021): Found 2 design units, including 1 entities, in source file segment7_mux.vhd
    Info (12022): Found design unit 1: segment7_mux-syn File: N:/ECE124/Lab3 New/Lab3 New/segment7_mux.vhd Line: 67
    Info (12023): Found entity 1: segment7_mux File: N:/ECE124/Lab3 New/Lab3 New/segment7_mux.vhd Line: 52
Info (12021): Found 2 design units, including 1 entities, in source file logicalstep_lab3_top.vhd
    Info (12022): Found design unit 1: LogicalStep_Lab3_top-design File: N:/ECE124/Lab3 New/Lab3 New/LogicalStep_Lab3_top.vhd Line: 22
    Info (12023): Found entity 1: LogicalStep_Lab3_top File: N:/ECE124/Lab3 New/Lab3 New/LogicalStep_Lab3_top.vhd Line: 5
Info (12021): Found 2 design units, including 1 entities, in source file hvac.vhd
    Info (12022): Found design unit 1: HVAC-rtl File: N:/ECE124/Lab3 New/Lab3 New/HVAC.vhd Line: 19
    Info (12023): Found entity 1: HVAC File: N:/ECE124/Lab3 New/Lab3 New/HVAC.vhd Line: 6
Info (12021): Found 2 design units, including 1 entities, in source file compx1.vhd
    Info (12022): Found design unit 1: Compx1-gates File: N:/ECE124/Lab3 New/Lab3 New/Compx1.vhd Line: 17
    Info (12023): Found entity 1: Compx1 File: N:/ECE124/Lab3 New/Lab3 New/Compx1.vhd Line: 6
Info (12021): Found 2 design units, including 1 entities, in source file compx4.vhd
    Info (12022): Found design unit 1: Compx4-gates File: N:/ECE124/Lab3 New/Lab3 New/Compx4.vhd Line: 17
    Info (12023): Found entity 1: Compx4 File: N:/ECE124/Lab3 New/Lab3 New/Compx4.vhd Line: 5
Info (12021): Found 2 design units, including 1 entities, in source file bidir_shift_reg.vhd
    Info (12022): Found design unit 1: Bidir_shift_reg-one File: N:/ECE124/Lab3 New/Lab3 New/Bidir_shift_reg.vhd Line: 15
    Info (12023): Found entity 1: Bidir_shift_reg File: N:/ECE124/Lab3 New/Lab3 New/Bidir_shift_reg.vhd Line: 5
Info (12021): Found 2 design units, including 1 entities, in source file u_d_bin_counter8bit.vhd
    Info (12022): Found design unit 1: U_D_Bin_Counter8bit-one File: N:/ECE124/Lab3 New/Lab3 New/U_D_Bin_Counter8bit.vhd Line: 15
    Info (12023): Found entity 1: U_D_Bin_Counter8bit File: N:/ECE124/Lab3 New/Lab3 New/U_D_Bin_Counter8bit.vhd Line: 5
Info (12021): Found 2 design units, including 1 entities, in source file pb_inverters.vhd
    Info (12022): Found design unit 1: PB_Inverters-gates File: N:/ECE124/Lab3 New/Lab3 New/PB_Inverters.vhd Line: 14
    Info (12023): Found entity 1: PB_Inverters File: N:/ECE124/Lab3 New/Lab3 New/PB_Inverters.vhd Line: 6
Info (12021): Found 2 design units, including 1 entities, in source file energy_monitor.vhd
    Info (12022): Found design unit 1: Energy_Monitor-one File: N:/ECE124/Lab3 New/Lab3 New/Energy_Monitor.vhd Line: 33
    Info (12023): Found entity 1: Energy_Monitor File: N:/ECE124/Lab3 New/Lab3 New/Energy_Monitor.vhd Line: 6
Info (12021): Found 2 design units, including 1 entities, in source file mode_select.vhd
    Info (12022): Found design unit 1: MODE_SELECT-mux_logic File: N:/ECE124/Lab3 New/Lab3 New/MODE_SELECT.vhd Line: 16
    Info (12023): Found entity 1: MODE_SELECT File: N:/ECE124/Lab3 New/Lab3 New/MODE_SELECT.vhd Line: 6
Info (12127): Elaborating entity "LogicalStep_Lab3_top" for the top level hierarchy
Info (12128): Elaborating entity "PB_Inverters" for hierarchy "PB_Inverters:inst9" File: N:/ECE124/Lab3 New/Lab3 New/LogicalStep_Lab3_top.vhd Line: 177
Info (12128): Elaborating entity "SevenSegment" for hierarchy "SevenSegment:inst1" File: N:/ECE124/Lab3 New/Lab3 New/LogicalStep_Lab3_top.vhd Line: 187
Info (12128): Elaborating entity "segment7_mux" for hierarchy "segment7_mux:inst3" File: N:/ECE124/Lab3 New/Lab3 New/LogicalStep_Lab3_top.vhd Line: 189
Info (12128): Elaborating entity "Compx4" for hierarchy "Compx4:inst4" File: N:/ECE124/Lab3 New/Lab3 New/LogicalStep_Lab3_top.vhd Line: 190
Warning (10036): Verilog HDL or VHDL warning at Compx4.vhd(34): object "A3LTB3" assigned a value but never read File: N:/ECE124/Lab3 New/Lab3 New/Compx4.vhd Line: 34
Warning (10036): Verilog HDL or VHDL warning at Compx4.vhd(39): object "A2LTB2" assigned a value but never read File: N:/ECE124/Lab3 New/Lab3 New/Compx4.vhd Line: 39
Warning (10036): Verilog HDL or VHDL warning at Compx4.vhd(43): object "A1LTB1" assigned a value but never read File: N:/ECE124/Lab3 New/Lab3 New/Compx4.vhd Line: 43
Warning (10036): Verilog HDL or VHDL warning at Compx4.vhd(47): object "A0LTB0" assigned a value but never read File: N:/ECE124/Lab3 New/Lab3 New/Compx4.vhd Line: 47
Info (12128): Elaborating entity "Compx1" for hierarchy "Compx4:inst4|Compx1:INST1" File: N:/ECE124/Lab3 New/Lab3 New/Compx4.vhd Line: 57
Info (12128): Elaborating entity "MODE_SELECT" for hierarchy "MODE_SELECT:inst5" File: N:/ECE124/Lab3 New/Lab3 New/LogicalStep_Lab3_top.vhd Line: 191
Info (12128): Elaborating entity "Tester" for hierarchy "Tester:INST6" File: N:/ECE124/Lab3 New/Lab3 New/LogicalStep_Lab3_top.vhd Line: 192
Warning (10492): VHDL Process Statement warning at Tester.vhd(47): signal "EQ_PASS" is read inside the Process Statement but isn't in the Process Statement's sensitivity list File: N:/ECE124/Lab3 New/Lab3 New/Tester.vhd Line: 47
Warning (10492): VHDL Process Statement warning at Tester.vhd(47): signal "GT_PASS" is read inside the Process Statement but isn't in the Process Statement's sensitivity list File: N:/ECE124/Lab3 New/Lab3 New/Tester.vhd Line: 47
Warning (10492): VHDL Process Statement warning at Tester.vhd(47): signal "LT_PASS" is read inside the Process Statement but isn't in the Process Statement's sensitivity list File: N:/ECE124/Lab3 New/Lab3 New/Tester.vhd Line: 47
Info (12128): Elaborating entity "HVAC" for hierarchy "HVAC:inst7" File: N:/ECE124/Lab3 New/Lab3 New/LogicalStep_Lab3_top.vhd Line: 193
Warning (10492): VHDL Process Statement warning at HVAC.vhd(47): signal "clk" is read inside the Process Statement but isn't in the Process Statement's sensitivity list File: N:/ECE124/Lab3 New/Lab3 New/HVAC.vhd Line: 47
Warning (10492): VHDL Process Statement warning at HVAC.vhd(49): signal "clk_2hz" is read inside the Process Statement but isn't in the Process Statement's sensitivity list File: N:/ECE124/Lab3 New/Lab3 New/HVAC.vhd Line: 49
Info (12128): Elaborating entity "Energy_Monitor" for hierarchy "Energy_Monitor:inst8" File: N:/ECE124/Lab3 New/Lab3 New/LogicalStep_Lab3_top.vhd Line: 194
Warning (10631): VHDL Process Statement warning at Energy_Monitor.vhd(39): inferring latch(es) for signal or variable "run", which holds its previous value in one or more paths through the process File: N:/ECE124/Lab3 New/Lab3 New/Energy_Monitor.vhd Line: 39
Warning (10631): VHDL Process Statement warning at Energy_Monitor.vhd(39): inferring latch(es) for signal or variable "increase", which holds its previous value in one or more paths through the process File: N:/ECE124/Lab3 New/Lab3 New/Energy_Monitor.vhd Line: 39
Warning (10631): VHDL Process Statement warning at Energy_Monitor.vhd(39): inferring latch(es) for signal or variable "decrease", which holds its previous value in one or more paths through the process File: N:/ECE124/Lab3 New/Lab3 New/Energy_Monitor.vhd Line: 39
Warning (10631): VHDL Process Statement warning at Energy_Monitor.vhd(39): inferring latch(es) for signal or variable "at_temp", which holds its previous value in one or more paths through the process File: N:/ECE124/Lab3 New/Lab3 New/Energy_Monitor.vhd Line: 39
Warning (10631): VHDL Process Statement warning at Energy_Monitor.vhd(39): inferring latch(es) for signal or variable "AC", which holds its previous value in one or more paths through the process File: N:/ECE124/Lab3 New/Lab3 New/Energy_Monitor.vhd Line: 39
Warning (10631): VHDL Process Statement warning at Energy_Monitor.vhd(39): inferring latch(es) for signal or variable "furnace", which holds its previous value in one or more paths through the process File: N:/ECE124/Lab3 New/Lab3 New/Energy_Monitor.vhd Line: 39
Warning (10631): VHDL Process Statement warning at Energy_Monitor.vhd(39): inferring latch(es) for signal or variable "blower", which holds its previous value in one or more paths through the process File: N:/ECE124/Lab3 New/Lab3 New/Energy_Monitor.vhd Line: 39
Info (10041): Inferred latch for "blower" at Energy_Monitor.vhd(39) File: N:/ECE124/Lab3 New/Lab3 New/Energy_Monitor.vhd Line: 39
Info (10041): Inferred latch for "furnace" at Energy_Monitor.vhd(39) File: N:/ECE124/Lab3 New/Lab3 New/Energy_Monitor.vhd Line: 39
Info (10041): Inferred latch for "AC" at Energy_Monitor.vhd(39) File: N:/ECE124/Lab3 New/Lab3 New/Energy_Monitor.vhd Line: 39
Info (10041): Inferred latch for "at_temp" at Energy_Monitor.vhd(39) File: N:/ECE124/Lab3 New/Lab3 New/Energy_Monitor.vhd Line: 39
Info (10041): Inferred latch for "decrease" at Energy_Monitor.vhd(39) File: N:/ECE124/Lab3 New/Lab3 New/Energy_Monitor.vhd Line: 39
Info (10041): Inferred latch for "increase" at Energy_Monitor.vhd(39) File: N:/ECE124/Lab3 New/Lab3 New/Energy_Monitor.vhd Line: 39
Info (10041): Inferred latch for "run" at Energy_Monitor.vhd(39) File: N:/ECE124/Lab3 New/Lab3 New/Energy_Monitor.vhd Line: 39
Info (286030): Timing-Driven Synthesis is running
Info (16010): Generating hard_block partition "hard_block:auto_generated_inst"
    Info (16011): Adding 0 node(s), including 0 DDIO, 0 PLL, 0 transceiver and 0 LCELL
Info (21057): Implemented 110 device resources after synthesis - the final resource count might be different
    Info (21058): Implemented 13 input pins
    Info (21059): Implemented 17 output pins
    Info (21061): Implemented 80 logic cells
Info: Quartus Prime Analysis & Synthesis was successful. 0 errors, 17 warnings
    Info: Peak virtual memory: 4836 megabytes
    Info: Processing ended: Thu Mar 06 17:41:56 2025
    Info: Elapsed time: 00:00:08
    Info: Total CPU time (on all processors): 00:00:16


